/*
app.post('/login', (req, res) => {
    User.findOne({username: req.body.username}, function(err, user) {
        if(err) {
            return res.status(400).send({
                message: "Error encountered"
            })
        }
        else if(user === null) {
            return res.status(400).send({
                message: "User not found"
            })
        }
        else {
            if(user.validatePassword(req.body.password)) {
                user.createToken()
                const checkToken = () => {
                    User.findOne({token: user.token}, (err, user) => {
                        if(err) console.log(err)
                        else if(user) {
                            user.createToken()
                            checkToken()
                        }
                    })
                }
                checkToken()
                user.save((err, user) => {
                    if(err) return res.status(400).send({message: err})
                })
                return res.status(200).send({
                    message: "Logged in successfully",
                    token: user.token
                })
            }
            else {
                return res.status(400).send({
                    message: "Wrong password you dingus"
                })
            }
        }
    })
})

app.post('/signup', (req, res) => {
    
    User.findOne({username: req.body.username}, (err, user) => {
        if(user) {
            return res.status(400).send({
                message: "This username is already taken"
            })
        }
    })

    let newUser = new User()    

    newUser.username = req.body.username
    newUser.priority = 1
    newUser.setPassword(req.body.password)
    newUser.createToken()    
    newUser.save((err, user) => {
        if(err) {
            return res.status(400).send({
                message: "Something went wrong :("
            })
        }
        else {
            return res.status(200).send({
                message: "New user created",
                token: user.token
            })
        }
    })
})

app.post('/createBid', (req, res) => {
    // Create new Parts ; Remember to incorparate a default value in frontend
    let newParts = []
    let newCar = new Car() //Car has to be created here to get the connection to the parts
    
    for(let i = 0; i < req.body.parts.name.length; i++) {
        newParts[i] = new Part();
        newParts[i].name = req.body.parts.name[i]
        newParts[i].rarity = req.body.parts.rarity[i]
        newParts[i].usedIn = newCar
        newParts[i].price = req.body.parts.price[i]
    }
    
    // Create new Car
    newCar.name = req.body.car.name
    newCar.rarity = req.body.car.rarity
    newCar.price = 100;
    for(let i = 0; i < newParts.length; i++) {
        switch (newParts[i].name) {
            case 'motor':
                newCar.status.motor = newParts[i]
                break;
            case 'suspension':
                newCar.status.suspension = newParts[i]                
                break;
            case 'transmission':
                newCar.status.transmission = newParts[i]                
                break;
            case 'exhaust':
                newCar.status.exhaust = newParts[i]                
                break;
            case 'breaks':
                newCar.status.breaks = newParts[i]                
                break;
            case 'paint':
                newCar.status.paint = newParts[i]                
                break;
            case 'wheels':
                newCar.status.wheels = newParts[i]                
                break;        
            default:
                console.log("This should not have happened")
                console.log(newParts[i])
                return
        }
    }
    
    
    // Create new Bid
    let newBid = new Bid()

    newBid.priority = req.body.bid.priority;
    newBid.maxBidders = req.body.bid.maxBidders;
    newBid.maxWatchers = req.body.bid.maxWatchers;
    newBid.bidPrice = req.body.bid.price;
    newBid.currentBidder = null;
    newBid.timeLeft = req.body.bid.timeLeft;
    newBid.timeIncrement = req.body.bid.timeIncrement;
    newBid.incrementBound = req.body.bid.incrementBound;
    newBid.car = newCar;

    for(let i = 0; i < newParts.length; i++) {
        newParts[i].save((err, part) => {
            if(err) {
                return res.status(400).send({
                    message: err
                })
            }
        })
    }

    newCar.save((err, car) => {
        if(err) {
            return res.status(400).send({
                message: err
            })
        }
    })

    newBid.save((err, bid) => {
        if(err) {
            return res.status(400).send({
                message: err
            })
        }
        else {
            return res.status(200).send({
                message: "New Bid created"
            })
        }
    })
})

app.post('/registerBid', (req, res) => {
    User.findOne({token: req.body.token}).populate({path: 'activeBids', model: 'bid'}).exec((err, user) => {
        if(!user) return res.status(400).send({message: "Bad token :/"})
        Bid.findById(req.body.id).populate({path: 'bidders', model: 'user'}).exec((err, bid) => {
            if(!bid) return res.status(400).send({message: "Invalid bid id"})
            if(bid.bidders.includes(user)) return res.status(200).send({message: "You are already registered for this auction"})
            if(bid.bidders.length < bid.maxBidders) {
                bid.bidders.push(user)
                user.activeBids.push(bid)
                bid.save((err) => {
                    if(err) return res.status(400).send({message: "Something went wrong updating the DB"})
                    user.save((err) => {
                        if(err) return res.status(400).send({message: "Something went wrong updating the DB"})
                        return res.status(200).send({message: "You were added to this auction"})
                    })
                })
            }
            else return res.status(400).send({message: "This auction is already full :/"})
            
        })
    })
})

app.post('/unregisterBid', (req, res) => {
    User.findOne({token: req.body.token}).populate({path: 'activeBids', model: 'bid'}).exec((err, user) => {
        if(!user) return res.status(400).send({message: "Bad token"})
        Bid.findById(req.body.id).populate({path: 'bidders', model: 'user'}).exec((err, bid) => {
            if(!bid) return res.status(400).send({message: "Bid not found"})
            var found = false
            for(let i = 0; i < bid.bidders.length; i++) {
                if(bid.bidders[i]._id.equals(user._id)) found = true
            }
            if(!found) return res.status(200).send({message: "You are not registered in this auction, so you do not need to unregister"})
            else {
                for(let i = 0; i < bid.bidders.length; i++) {
                    if(bid.bidders[i]._id.equals(user._id)) bid.bidders.splice(i, 1)
                }
                for(let i = 0; i < user.activeBids.length; i++) {
                    if(user.activeBids[i]._id.equals(bid._id)) user.activeBids.splice(i, 1)
                }
                bid.save((err) => {
                    if(err) return res.status(400).send({message: "Something went wrong updating the DB"})
                    user.save((err) => {
                        if(err) return res.status(400).send({message: "Something went wrong updating the DB"})
                        return res.status(200).send({message: "You were removed to this auction"})                    
                    })
                })
            }
        })
    })
})

app.post('/placeBid', (req, res) => {
    Bid.findById(req.body.roomId).populate({path: 'bidders', model: 'user'}).exec((err, bid) => {
        if(err) console.log(err)
        else if(!bid) console.log("No bid found, this should not happen")
        else {
            if(bid.bidPrice >= req.body.amount) return res.status(400).send({message: "Someone already bid a higher or the same price as you"})
            else if(bid.bidPrice + bid.smallestBid > req.body.amount) return res.status(400).send({message: "You have to at least bid the smallest increment"})
            else {
                User.findOne({token: req.body.token}, (err, user) => {
                    if(err) return res.status(400).send({message: err})
                    else if(!user) return res.status(400).send({message: "No user found, this should not happen"})
                    else {
                        for(let i = 0; i < bid.bidders.length; i++) {
                            if(bid.bidders[i].token === req.body.token) {
                                bid.bidPrice = req.body.amount
                                bid.currentBidder = user
                                if(bid.timeLeft < bid.incrementBound) bid.timeLeft += bid.timeIncrement
                                bid.save((err, bid) => {
                                    if(err) console.log(err)
                                    else {
                                        return res.status(200).send({message: "You are now the highest Bidder"})
                                    }
                                })
                            }
                        }
                    }
                })
            }
        }
    })
})

app.post('/claimAuction', (req, res) => {
    User.findOne({token: req.body.token}).populate({path: 'claims', model: 'bid'}).populate({path: 'carInventory', model: 'car'}).populate({path: 'partsInventory', model: 'part'}).exec((err, user) => {
        if(err) return res.status(400).send({message: err})
        else if(!user) return res.status(400).send({message: "Token not recognized"})
        else {
            const populationParams = {
                path: 'car',
                model: 'car',
                populate: {
                    path: 'status.motor status.suspension status.transmission status.breaks status.paint status.exhaust status.wheels',
                    model: 'part'
                }
            }
            Bid.findById(req.body.id).populate(populationParams).populate({path: 'currentBidder', model: 'user'}).exec((err, bid) => {
                if(err) return res.status(400).send({message: err})
                else if(!bid) return res.status(400).send({message: "No bid found, this should not happen"})
                else {
                    if(bid.active) return res.status(400).send({message: "You cannot claim an ongoing auction"})
                    else if(bid.currentBidder.token !== user.token) return res.status(400).send({message: "You cannot claim a bid that you have not won"})
                    else {
                        user.carInventory.push(bid.car)
                        if(bid.car.status.motor !== null) user.partsInventory.push(bid.car.status.motor)
                        if(bid.car.status.suspension !== null) user.partsInventory.push(bid.car.status.suspension)
                        if(bid.car.status.transmission !== null) user.partsInventory.push(bid.car.status.transmission)
                        if(bid.car.status.breaks !== null) user.partsInventory.push(bid.car.status.breaks)
                        if(bid.car.status.paint !== null) user.partsInventory.push(bid.car.status.paint)
                        if(bid.car.status.exhaust !== null) user.partsInventory.push(bid.car.status.exhaust)
                        if(bid.car.status.wheels !== null) user.partsInventory.push(bid.car.status.wheels)
                        for(let i = 0; i < user.claims.length; i++) {
                            if(user.claims[i]._id.equals(bid._id)) {
                                user.claims.splice(i, 1)
                            }
                        }
                        user.save((err) => {
                            if(err) return res.status(400).send({message: err})
                        })
                        return res.status(200).send({message: "Auction was claimed"})
                    
                    }
                }
            })
        }
    } )
})

app.post('/getInventory', (req, res) => {
    User.findOne({token: req.body.token}).populate({path: 'carInventory', model: 'car'}).populate({path: 'partsInventory', model: 'part'}).populate({path: 'miscInventory', model: 'misc'}).exec((err, user) => {
        if(err) return res.status(400).send({message: err})
        else if(!user) return res.status(400).send({message: "Token not recognized"})
        else {
            if(req.body.option === "cars") {
                return res.status(200).send({data: user.carInventory})
            }
            else if(req.body.option === "parts") {
                return res.status(200).send({data: user.partsInventory})
            }
            else if(req.body.option === "misc") {
                return res.status(200).send({data: user.miscInventory})
            }
            else return res.status(400).send({message: "Option not recognized"})
        }
    })
})

app.post('/priority', (req, res) => {
    User.findOne({token: req.body.token}, (err, user) => {
        if(err) return res.status(400).send({
            message: err
        })
        if(user !== null) {
            return res.status(200).send({
                priority: user.priority
            })
        }
        else {
            return res.status(404).send({
                message: "This token is not recognized"
            }) 
        }
    })
})

app.post('/token', (req, res) => {
    User.findOne({token: req.body.token}, (err, user) => {
        if(err) console.log(err) 
        else if(!user) return res.status(400).send({
            message: "This token is not recognized",
            valid: false
        })
        else {
            return res.status(200).send({
                message: "This token is recognized",
                valid: true
            })
        }
    })
})

app.post('/auctionValidation', (req, res) => {
    Bid.findById(req.body.id).exec((err, bid) => {
        if(!bid) return res.status(400).send({message: "Not a valid auction id"})
        User.findOne({token: req.body.token}, (err, user) => {
            if(bid.bidders.includes(user._id)) return res.status(200).send({message: "You're good to go to bid"})
            else return res.status(400).send({message: "You are not registered for this auction"})
        })
        
    })
}) 
*/